This is TeX, Version 3.14159 (Web2C 7.3.1) (format=latex 2002.8.29)  15 AUG 2003 12:06
**matlab_array
(matlab_array.tex
LaTeX2e <2000/06/01>
Babel <v3.7h> and hyphenation patterns for american, french, german, ngerman, i
talian, nohyphenation, loaded.
(/usr/share/texmf/tex/latex/base/article.cls
Document Class: article 2000/05/19 v1.4b Standard LaTeX document class
(/usr/share/texmf/tex/latex/base/size12.clo
File: size12.clo 2000/05/19 v1.4b Standard LaTeX file (size option)
)
\c@part=\count79
\c@section=\count80
\c@subsection=\count81
\c@subsubsection=\count82
\c@paragraph=\count83
\c@subparagraph=\count84
\c@figure=\count85
\c@table=\count86
\abovecaptionskip=\skip41
\belowcaptionskip=\skip42
\bibindent=\dimen102
)
(/usr/share/texmf/tex/latex/graphics/graphics.sty
Package: graphics 1999/02/16 v1.0l Standard LaTeX Graphics (DPC,SPQR)

(/usr/share/texmf/tex/latex/graphics/trig.sty
Package: trig 1999/03/16 v1.09 sin cos tan (DPC)
)
(/usr/share/texmf/tex/latex/config/graphics.cfg)
Package graphics Info: Driver file: dvipdfm.def on input line 80.

(/usr/share/texmf/tex/latex/graphics/dvipdfm.def
File: dvipdfm.def 1999/9/6 vx.x Driver-dependant file
))
(/usr/share/texmf/tex/latex/graphics/graphicx.sty
Package: graphicx 1999/02/16 v1.0f Enhanced LaTeX Graphics (DPC,SPQR)

(/usr/share/texmf/tex/latex/graphics/keyval.sty
Package: keyval 1999/03/16 v1.13 key=value parser (DPC)
\KV@toks@=\toks14
)
\Gin@req@height=\dimen103
\Gin@req@width=\dimen104
) (matlab_array.aux)
\openout1 = `matlab_array.aux'.

LaTeX Font Info:    Checking defaults for OML/cmm/m/it on input line 6.
LaTeX Font Info:    ... okay on input line 6.
LaTeX Font Info:    Checking defaults for T1/cmr/m/n on input line 6.
LaTeX Font Info:    ... okay on input line 6.
LaTeX Font Info:    Checking defaults for OT1/cmr/m/n on input line 6.
LaTeX Font Info:    ... okay on input line 6.
LaTeX Font Info:    Checking defaults for OMS/cmsy/m/n on input line 6.
LaTeX Font Info:    ... okay on input line 6.
LaTeX Font Info:    Checking defaults for OMX/cmex/m/n on input line 6.
LaTeX Font Info:    ... okay on input line 6.
LaTeX Font Info:    Checking defaults for U/cmr/m/n on input line 6.
LaTeX Font Info:    ... okay on input line 6.
LaTeX Font Info:    External font `cmex10' loaded for size
(Font)              <14.4> on input line 7.
LaTeX Font Info:    External font `cmex10' loaded for size
(Font)              <7> on input line 7.
File: array.eps Graphic file (type eps)

<array.eps>
LaTeX Font Info:    External font `cmex10' loaded for size
(Font)              <12> on input line 18.
LaTeX Font Info:    External font `cmex10' loaded for size
(Font)              <8> on input line 18.
LaTeX Font Info:    External font `cmex10' loaded for size
(Font)              <6> on input line 18.

Overfull \hbox (66.95023pt too wide) in paragraph at lines 78--78
[]\OT1/cmtt/m/n/12 /*Casts a 3-dimensional array such that it may be indexed ac
cording to the[] 
 []

[1

]
Overfull \hbox (91.65024pt too wide) in paragraph at lines 78--78
[]\OT1/cmtt/m/n/12 double ***castMatlab3DArray(double *array, int nrows, int nc
ols, int nlayers){[] 
 []


Overfull \hbox (11.3752pt too wide) in paragraph at lines 78--78
[]  \OT1/cmtt/m/n/12 p = (double ***)malloc((unsigned) (nlayers*sizeof(double *
*)));[] 
 []


Overfull \hbox (17.5502pt too wide) in paragraph at lines 78--78
[]    \OT1/cmtt/m/n/12 p[k] = (double **)malloc((unsigned) (ncols*sizeof(double
 *)));[] 
 []

[2] (matlab_array.aux) ) 
Here is how much of TeX's memory you used:
 511 strings out of 20887
 5586 string characters out of 196241
 52226 words of memory out of 350001
 3502 multiletter control sequences out of 10000+15000
 7757 words of font info for 28 fonts, out of 400000 for 1000
 14 hyphenation exceptions out of 10000
 23i,6n,19p,189b,311s stack positions out of 3000i,100n,1500p,50000b,4000s

Output written on matlab_array.dvi (2 pages, 3436 bytes).
